app/build/outputs/apk/manifest-merger-debug-report.txt
-- Merging decision tree log ---
manifest
ADDED from AndroidManifest.xml:2:1
	package
		ADDED from AndroidManifest.xml:3:5
		INJECTED from AndroidManifest.xml:0:0
		INJECTED from AndroidManifest.xml:0:0
	android:versionName
		ADDED from AndroidManifest.xml:5:5
	android:versionCode
		ADDED from AndroidManifest.xml:4:5
		INJECTED from AndroidManifest.xml:0:0
		INJECTED from AndroidManifest.xml:0:0
	xmlns:android
		ADDED from AndroidManifest.xml:2:11
uses-permission#android.permission.BLUETOOTH_ADMIN
ADDED from AndroidManifest.xml:7:2
	android:name
		ADDED from AndroidManifest.xml:7:19
uses-permission#android.permission.BLUETOOTH
ADDED from AndroidManifest.xml:8:2
	android:name
		ADDED from AndroidManifest.xml:8:19
uses-permission#android.permission.WRITE_EXTERNAL_STORAGE
ADDED from AndroidManifest.xml:9:5
	android:name
		ADDED from AndroidManifest.xml:9:22
application
ADDED from AndroidManifest.xml:11:5
MERGED from com.android.support:appcompat-v7:22.2.0:22:5
MERGED from com.android.support:support-v4:22.2.0:22:5
	android:label
		ADDED from AndroidManifest.xml:14:9
	android:allowBackup
		ADDED from AndroidManifest.xml:12:9
	android:icon
		ADDED from AndroidManifest.xml:13:9
	android:theme
		ADDED from AndroidManifest.xml:15:9
activity#org.thecongers.canbusgateway.MainActivity
ADDED from AndroidManifest.xml:16:9
	android:screenOrientation
		ADDED from AndroidManifest.xml:18:13
	android:name
		ADDED from AndroidManifest.xml:17:13
intent-filter#android.intent.action.MAIN+android.intent.category.LAUNCHER
ADDED from AndroidManifest.xml:19:13
action#android.intent.action.MAIN
ADDED from AndroidManifest.xml:20:17
	android:name
		ADDED from AndroidManifest.xml:20:25
category#android.intent.category.LAUNCHER
ADDED from AndroidManifest.xml:22:17
	android:name
		ADDED from AndroidManifest.xml:22:27
intent-filter#android.intent.category.DEFAULT+intent.my.action
ADDED from AndroidManifest.xml:24:13
action#intent.my.action
ADDED from AndroidManifest.xml:25:6
	android:name
		ADDED from AndroidManifest.xml:25:14
category#android.intent.category.DEFAULT
ADDED from AndroidManifest.xml:26:6
	android:name
		ADDED from AndroidManifest.xml:26:16
activity#org.thecongers.canbusgateway.UserSettingActivity
ADDED from AndroidManifest.xml:29:9
	android:name
		ADDED from AndroidManifest.xml:30:7
uses-sdk
INJECTED from AndroidManifest.xml:0:0 reason: use-sdk injection requested
MERGED from com.android.support:appcompat-v7:22.2.0:20:5
MERGED from com.android.support:support-v4:22.2.0:20:5
	android:targetSdkVersion
		INJECTED from AndroidManifest.xml:0:0
		INJECTED from AndroidManifest.xml:0:0
	android:minSdkVersion
		INJECTED from AndroidManifest.xml:0:0
		INJECTED from AndroidManifest.xml:0:0